<?xml version="1.0" encoding="utf-8" standalone="no"?>
<test-results xmlns:xsi="http://www.w3.org/2001/XMLSchema-instance" xsi:noNamespaceSchemaLocation="nunit_schema_2.5.xsd" name="Pester" total="32" errors="0" failures="3" not-run="0" inconclusive="0" ignored="0" skipped="0" invalid="0" date="2026-06-24" time="19:11:33">
  <environment machine-name="STACKTRACE" nunit-version="2.5.8.0" cwd="C:\Users\joshl\OneDrive - Kritical Pty Ltd\Github\KRTPax8ToShopifyConnector\KriticalPax8ToShopify" clr-version="9.0.8" platform="Microsoft Windows 11 Home|C:\WINDOWS|\Device\Harddisk0\Partition3" user-domain="STACKTRACE" user="joshl" os-version="10.0.26200" />
  <culture-info current-culture="en-US" current-uiculture="en-US" />
  <test-suite type="TestFixture" name="Pester" executed="True" result="Failure" success="False" time="8.3293" asserts="0" description="Pester">
    <results>
      <test-suite type="TestFixture" name="C:\Users\joshl\OneDrive - Kritical Pty Ltd\Github\Krit.Pax8Mcp\tests\Unit\Agents.Tests.ps1" executed="True" result="Success" success="True" time="2.4455" asserts="0" description="C:\Users\joshl\OneDrive - Kritical Pty Ltd\Github\Krit.Pax8Mcp\tests\Unit\Agents.Tests.ps1">
        <results>
          <test-suite type="TestFixture" name="Get-KritPax8AgentTargets" executed="True" result="Success" success="True" time="0.3722" asserts="0" description="Get-KritPax8AgentTargets">
            <results>
              <test-case description="returns rows for the canonical 6 agent targets" name="Get-KritPax8AgentTargets.returns rows for the canonical 6 agent targets" time="0.1536" asserts="0" success="True" result="Success" executed="True" />
              <test-case description="every row has Path Format ConfigExists HostInstalled InstallHint" name="Get-KritPax8AgentTargets.every row has Path Format ConfigExists HostInstalled InstallHint" time="0.1168" asserts="0" success="True" result="Success" executed="True" />
            </results>
          </test-suite>
          <test-suite type="TestFixture" name="Write-KritPax8JsonAgentConfig" executed="True" result="Success" success="True" time="1.3462" asserts="0" description="Write-KritPax8JsonAgentConfig">
            <results>
              <test-case description="writes a JSON config from scratch with pax8 entry containing token header" name="Write-KritPax8JsonAgentConfig.writes a JSON config from scratch with pax8 entry containing token header" time="0.2337" asserts="0" success="True" result="Success" executed="True" />
              <test-case description="preserves pre-existing unrelated mcpServers entries" name="Write-KritPax8JsonAgentConfig.preserves pre-existing unrelated mcpServers entries" time="0.1213" asserts="0" success="True" result="Success" executed="True" />
              <test-case description="is idempotent (re-running does not duplicate keys)" name="Write-KritPax8JsonAgentConfig.is idempotent (re-running does not duplicate keys)" time="0.2911" asserts="0" success="True" result="Success" executed="True" />
              <test-case description="-RemoveOnly strips pax8 + pax8-oauth, leaves others" name="Write-KritPax8JsonAgentConfig.-RemoveOnly strips pax8 + pax8-oauth, leaves others" time="0.2682" asserts="0" success="True" result="Success" executed="True" />
            </results>
          </test-suite>
          <test-suite type="TestFixture" name="Write-KritPax8TomlAgentConfig" executed="True" result="Success" success="True" time="1.53" asserts="0" description="Write-KritPax8TomlAgentConfig">
            <results>
              <test-case description="appends an [mcp_servers.pax8] block to a fresh toml file" name="Write-KritPax8TomlAgentConfig.appends an [mcp_servers.pax8] block to a fresh toml file" time="0.0842" asserts="0" success="True" result="Success" executed="True" />
              <test-case description="is idempotent — replaces existing pax8 block without duplicating" name="Write-KritPax8TomlAgentConfig.is idempotent — replaces existing pax8 block without duplicating" time="0.0197" asserts="0" success="True" result="Success" executed="True" />
              <test-case description="-RemoveOnly strips pax8 block, leaves others" name="Write-KritPax8TomlAgentConfig.-RemoveOnly strips pax8 block, leaves others" time="0.0141" asserts="0" success="True" result="Success" executed="True" />
            </results>
          </test-suite>
        </results>
      </test-suite>
      <test-suite type="TestFixture" name="C:\Users\joshl\OneDrive - Kritical Pty Ltd\Github\Krit.Pax8Mcp\tests\Unit\Banner.Tests.ps1" executed="True" result="Success" success="True" time="0.629" asserts="0" description="C:\Users\joshl\OneDrive - Kritical Pty Ltd\Github\Krit.Pax8Mcp\tests\Unit\Banner.Tests.ps1">
        <results>
          <test-suite type="TestFixture" name="Get-KritPax8Banner" executed="True" result="Success" success="True" time="0.1862" asserts="0" description="Get-KritPax8Banner">
            <results>
              <test-case description="returns the canonical SirJ Deaddrop banner when secrets folder is present" name="Get-KritPax8Banner.returns the canonical SirJ Deaddrop banner when secrets folder is present" time="0.0443" asserts="0" success="True" result="Success" executed="True" />
              <test-case description="-Compact returns one-line summary" name="Get-KritPax8Banner.-Compact returns one-line summary" time="0.0267" asserts="0" success="True" result="Success" executed="True" />
              <test-case description="-Title appends a title block when not Compact" name="Get-KritPax8Banner.-Title appends a title block when not Compact" time="0.0264" asserts="0" success="True" result="Success" executed="True" />
              <test-case description="falls back gracefully when LogoPath does not exist" name="Get-KritPax8Banner.falls back gracefully when LogoPath does not exist" time="0.0066" asserts="0" success="True" result="Success" executed="True" />
            </results>
          </test-suite>
          <test-suite type="TestFixture" name="Write-KritPax8Banner" executed="True" result="Success" success="True" time="0.2961" asserts="0" description="Write-KritPax8Banner">
            <results>
              <test-case description="does not throw" name="Write-KritPax8Banner.does not throw" time="0.0269" asserts="0" success="True" result="Success" executed="True" />
              <test-case description="compact form does not throw" name="Write-KritPax8Banner.compact form does not throw" time="0.0051" asserts="0" success="True" result="Success" executed="True" />
            </results>
          </test-suite>
        </results>
      </test-suite>
      <test-suite type="TestFixture" name="C:\Users\joshl\OneDrive - Kritical Pty Ltd\Github\Krit.Pax8Mcp\tests\Unit\Token.Tests.ps1" executed="True" result="Success" success="True" time="1.6062" asserts="0" description="C:\Users\joshl\OneDrive - Kritical Pty Ltd\Github\Krit.Pax8Mcp\tests\Unit\Token.Tests.ps1">
        <results>
          <test-suite type="TestFixture" name="Get-KritPax8TokenPath" executed="True" result="Success" success="True" time="0.097" asserts="0" description="Get-KritPax8TokenPath">
            <results>
              <test-case description="joins SecretsDir + TokenFileName" name="Get-KritPax8TokenPath.joins SecretsDir + TokenFileName" time="0.0167" asserts="0" success="True" result="Success" executed="True" />
              <test-case description="defaults TokenFileName to pax8-mcpServer-auth.txt" name="Get-KritPax8TokenPath.defaults TokenFileName to pax8-mcpServer-auth.txt" time="0.0073" asserts="0" success="True" result="Success" executed="True" />
            </results>
          </test-suite>
          <test-suite type="TestFixture" name="Read-KritPax8Token" executed="True" result="Success" success="True" time="0.4351" asserts="0" description="Read-KritPax8Token">
            <results>
              <test-case description="throws when file missing and -AllowMissing not set" name="Read-KritPax8Token.throws when file missing and -AllowMissing not set" time="0.0303" asserts="0" success="True" result="Success" executed="True" />
              <test-case description="returns $null when file missing and -AllowMissing set" name="Read-KritPax8Token.returns $null when file missing and -AllowMissing set" time="0.0075" asserts="0" success="True" result="Success" executed="True" />
              <test-case description="throws when file empty" name="Read-KritPax8Token.throws when file empty" time="0.0127" asserts="0" success="True" result="Success" executed="True" />
              <test-case description="throws when token shorter than 16 chars" name="Read-KritPax8Token.throws when token shorter than 16 chars" time="0.0157" asserts="0" success="True" result="Success" executed="True" />
              <test-case description="returns trimmed token when valid" name="Read-KritPax8Token.returns trimmed token when valid" time="0.0682" asserts="0" success="True" result="Success" executed="True" />
            </results>
          </test-suite>
          <test-suite type="TestFixture" name="Test-KritPax8TokenSane" executed="True" result="Success" success="True" time="0.5809" asserts="0" description="Test-KritPax8TokenSane">
            <results>
              <test-case description="rejects null + empty + whitespace" name="Test-KritPax8TokenSane.rejects null + empty + whitespace" time="0.0358" asserts="0" success="True" result="Success" executed="True" />
              <test-case description="rejects too short" name="Test-KritPax8TokenSane.rejects too short" time="0.0139" asserts="0" success="True" result="Success" executed="True" />
              <test-case description="rejects token containing whitespace" name="Test-KritPax8TokenSane.rejects token containing whitespace" time="0.0107" asserts="0" success="True" result="Success" executed="True" />
              <test-case description="accepts 36-char alphanumeric (Pax8 legacy shape)" name="Test-KritPax8TokenSane.accepts 36-char alphanumeric (Pax8 legacy shape)" time="0.0082" asserts="0" success="True" result="Success" executed="True" />
            </results>
          </test-suite>
        </results>
      </test-suite>
      <test-suite type="TestFixture" name="C:\Users\joshl\OneDrive - Kritical Pty Ltd\Github\Krit.Pax8Mcp\tests\E2E\LiveProbe.Tests.ps1" executed="True" result="Failure" success="False" time="3.6487" asserts="0" description="C:\Users\joshl\OneDrive - Kritical Pty Ltd\Github\Krit.Pax8Mcp\tests\E2E\LiveProbe.Tests.ps1">
        <results>
          <test-suite type="TestFixture" name="OAuth discovery (no token required)" executed="True" result="Success" success="True" time="1.1709" asserts="0" description="OAuth discovery (no token required)">
            <results>
              <test-case description="mcp.pax8.com OAuth metadata is reachable and well-formed" name="OAuth discovery (no token required).mcp.pax8.com OAuth metadata is reachable and well-formed" time="1.0888" asserts="0" success="True" result="Success" executed="True" />
            </results>
          </test-suite>
          <test-suite type="TestFixture" name="Token-auth MCP path (requires Kritical secrets folder)" executed="True" result="Success" success="True" time="3.2543" asserts="0" description="Token-auth MCP path (requires Kritical secrets folder)">
            <results>
              <test-case description="initialize handshake returns server name pax8-mcp-server" name="Token-auth MCP path (requires Kritical secrets folder).initialize handshake returns server name pax8-mcp-server" time="0.8348" asserts="0" success="True" result="Success" executed="True" />
              <test-case description="tools/list returns at least 1 tool" name="Token-auth MCP path (requires Kritical secrets folder).tools/list returns at least 1 tool" time="1.1833" asserts="0" success="True" result="Success" executed="True" />
            </results>
          </test-suite>
          <test-suite type="TestFixture" name="Test-KritPax8Mcp comprehensive gate set" executed="True" result="Failure" success="False" time="3.3814" asserts="0" description="Test-KritPax8Mcp comprehensive gate set">
            <results>
              <test-case description="returns a structured result with Gates / Passed / Failed / Total / Ok" name="Test-KritPax8Mcp comprehensive gate set.returns a structured result with Gates / Passed / Failed / Total / Ok" time="0.043" asserts="0" success="False" result="Failure" executed="True">
                <failure>
                  <message>RuntimeException: The variable '$script:results' cannot be retrieved because it has not been set.</message>
                  <stack-trace>at _AddGate, C:\Users\joshl\OneDrive - Kritical Pty Ltd\Github\Krit.Pax8Mcp\src\Public\Test-KritPax8Mcp.ps1:39
at Test-KritPax8Mcp, C:\Users\joshl\OneDrive - Kritical Pty Ltd\Github\Krit.Pax8Mcp\src\Public\Test-KritPax8Mcp.ps1:45
at &lt;ScriptBlock&gt;, C:\Users\joshl\OneDrive - Kritical Pty Ltd\Github\Krit.Pax8Mcp\tests\E2E\LiveProbe.Tests.ps1:48</stack-trace>
                </failure>
              </test-case>
              <test-case description="reports G3 OAuth discovery PASS regardless of token presence" name="Test-KritPax8Mcp comprehensive gate set.reports G3 OAuth discovery PASS regardless of token presence" time="0.0122" asserts="0" success="False" result="Failure" executed="True">
                <failure>
                  <message>RuntimeException: The variable '$script:results' cannot be retrieved because it has not been set.</message>
                  <stack-trace>at _AddGate, C:\Users\joshl\OneDrive - Kritical Pty Ltd\Github\Krit.Pax8Mcp\src\Public\Test-KritPax8Mcp.ps1:39
at Test-KritPax8Mcp, C:\Users\joshl\OneDrive - Kritical Pty Ltd\Github\Krit.Pax8Mcp\src\Public\Test-KritPax8Mcp.ps1:45
at &lt;ScriptBlock&gt;, C:\Users\joshl\OneDrive - Kritical Pty Ltd\Github\Krit.Pax8Mcp\tests\E2E\LiveProbe.Tests.ps1:57</stack-trace>
                </failure>
              </test-case>
              <test-case description="reports critical G1-G5 PASS when secrets folder + token present" name="Test-KritPax8Mcp comprehensive gate set.reports critical G1-G5 PASS when secrets folder + token present" time="0.0052" asserts="0" success="False" result="Failure" executed="True">
                <failure>
                  <message>RuntimeException: The variable '$script:results' cannot be retrieved because it has not been set.</message>
                  <stack-trace>at _AddGate, C:\Users\joshl\OneDrive - Kritical Pty Ltd\Github\Krit.Pax8Mcp\src\Public\Test-KritPax8Mcp.ps1:39
at Test-KritPax8Mcp, C:\Users\joshl\OneDrive - Kritical Pty Ltd\Github\Krit.Pax8Mcp\src\Public\Test-KritPax8Mcp.ps1:45
at &lt;ScriptBlock&gt;, C:\Users\joshl\OneDrive - Kritical Pty Ltd\Github\Krit.Pax8Mcp\tests\E2E\LiveProbe.Tests.ps1:63</stack-trace>
                </failure>
              </test-case>
            </results>
          </test-suite>
        </results>
      </test-suite>
    </results>
  </test-suite>
</test-results>