<?xml version="1.0" encoding="utf-8" standalone="no"?>
<test-results xmlns:xsi="http://www.w3.org/2001/XMLSchema-instance" xsi:noNamespaceSchemaLocation="nunit_schema_2.5.xsd" name="Pester" total="26" errors="0" failures="1" not-run="0" inconclusive="0" ignored="0" skipped="0" invalid="0" date="2026-06-24" time="19:09:40">
  <environment platform="Microsoft Windows 11 Home|C:\WINDOWS|\Device\Harddisk0\Partition3" user-domain="STACKTRACE" user="joshl" cwd="C:\Users\joshl\OneDrive - Kritical Pty Ltd\Github\KRTPax8ToShopifyConnector\KriticalPax8ToShopify" machine-name="STACKTRACE" os-version="10.0.26200" nunit-version="2.5.8.0" clr-version="9.0.8" />
  <culture-info current-culture="en-US" current-uiculture="en-US" />
  <test-suite type="TestFixture" name="Pester" executed="True" result="Failure" success="False" time="4.6739" asserts="0" description="Pester">
    <results>
      <test-suite type="TestFixture" name="C:\Users\joshl\OneDrive - Kritical Pty Ltd\Github\Krit.Pax8Mcp\tests\Unit\Agents.Tests.ps1" executed="True" result="Success" success="True" time="3.0938" asserts="0" description="C:\Users\joshl\OneDrive - Kritical Pty Ltd\Github\Krit.Pax8Mcp\tests\Unit\Agents.Tests.ps1">
        <results>
          <test-suite type="TestFixture" name="Get-KritPax8AgentTargets" executed="True" result="Success" success="True" time="0.5245" asserts="0" description="Get-KritPax8AgentTargets">
            <results>
              <test-case description="returns rows for the canonical 6 agent targets" name="Get-KritPax8AgentTargets.returns rows for the canonical 6 agent targets" time="0.2599" asserts="0" success="True" result="Success" executed="True" />
              <test-case description="every row has Path Format ConfigExists HostInstalled InstallHint" name="Get-KritPax8AgentTargets.every row has Path Format ConfigExists HostInstalled InstallHint" time="0.1155" asserts="0" success="True" result="Success" executed="True" />
            </results>
          </test-suite>
          <test-suite type="TestFixture" name="Write-KritPax8JsonAgentConfig" executed="True" result="Success" success="True" time="1.7845" asserts="0" description="Write-KritPax8JsonAgentConfig">
            <results>
              <test-case description="writes a JSON config from scratch with pax8 entry containing token header" name="Write-KritPax8JsonAgentConfig.writes a JSON config from scratch with pax8 entry containing token header" time="0.4159" asserts="0" success="True" result="Success" executed="True" />
              <test-case description="preserves pre-existing unrelated mcpServers entries" name="Write-KritPax8JsonAgentConfig.preserves pre-existing unrelated mcpServers entries" time="0.1342" asserts="0" success="True" result="Success" executed="True" />
              <test-case description="is idempotent (re-running does not duplicate keys)" name="Write-KritPax8JsonAgentConfig.is idempotent (re-running does not duplicate keys)" time="0.3131" asserts="0" success="True" result="Success" executed="True" />
              <test-case description="-RemoveOnly strips pax8 + pax8-oauth, leaves others" name="Write-KritPax8JsonAgentConfig.-RemoveOnly strips pax8 + pax8-oauth, leaves others" time="0.3219" asserts="0" success="True" result="Success" executed="True" />
            </results>
          </test-suite>
          <test-suite type="TestFixture" name="Write-KritPax8TomlAgentConfig" executed="True" result="Success" success="True" time="2.0138" asserts="0" description="Write-KritPax8TomlAgentConfig">
            <results>
              <test-case description="appends an [mcp_servers.pax8] block to a fresh toml file" name="Write-KritPax8TomlAgentConfig.appends an [mcp_servers.pax8] block to a fresh toml file" time="0.124" asserts="0" success="True" result="Success" executed="True" />
              <test-case description="is idempotent — replaces existing pax8 block without duplicating" name="Write-KritPax8TomlAgentConfig.is idempotent — replaces existing pax8 block without duplicating" time="0.0244" asserts="0" success="True" result="Success" executed="True" />
              <test-case description="-RemoveOnly strips pax8 block, leaves others" name="Write-KritPax8TomlAgentConfig.-RemoveOnly strips pax8 block, leaves others" time="0.0103" asserts="0" success="True" result="Success" executed="True" />
            </results>
          </test-suite>
        </results>
      </test-suite>
      <test-suite type="TestFixture" name="C:\Users\joshl\OneDrive - Kritical Pty Ltd\Github\Krit.Pax8Mcp\tests\Unit\Banner.Tests.ps1" executed="True" result="Success" success="True" time="0.5042" asserts="0" description="C:\Users\joshl\OneDrive - Kritical Pty Ltd\Github\Krit.Pax8Mcp\tests\Unit\Banner.Tests.ps1">
        <results>
          <test-suite type="TestFixture" name="Get-KritPax8Banner" executed="True" result="Success" success="True" time="0.1289" asserts="0" description="Get-KritPax8Banner">
            <results>
              <test-case description="returns the canonical SirJ Deaddrop banner when secrets folder is present" name="Get-KritPax8Banner.returns the canonical SirJ Deaddrop banner when secrets folder is present" time="0.0202" asserts="0" success="True" result="Success" executed="True" />
              <test-case description="-Compact returns one-line summary" name="Get-KritPax8Banner.-Compact returns one-line summary" time="0.0138" asserts="0" success="True" result="Success" executed="True" />
              <test-case description="-Title appends a title block when not Compact" name="Get-KritPax8Banner.-Title appends a title block when not Compact" time="0.0085" asserts="0" success="True" result="Success" executed="True" />
              <test-case description="falls back gracefully when LogoPath does not exist" name="Get-KritPax8Banner.falls back gracefully when LogoPath does not exist" time="0.0079" asserts="0" success="True" result="Success" executed="True" />
            </results>
          </test-suite>
          <test-suite type="TestFixture" name="Write-KritPax8Banner" executed="True" result="Success" success="True" time="0.2311" asserts="0" description="Write-KritPax8Banner">
            <results>
              <test-case description="does not throw" name="Write-KritPax8Banner.does not throw" time="0.0267" asserts="0" success="True" result="Success" executed="True" />
              <test-case description="compact form does not throw" name="Write-KritPax8Banner.compact form does not throw" time="0.0058" asserts="0" success="True" result="Success" executed="True" />
            </results>
          </test-suite>
        </results>
      </test-suite>
      <test-suite type="TestFixture" name="C:\Users\joshl\OneDrive - Kritical Pty Ltd\Github\Krit.Pax8Mcp\tests\Unit\Token.Tests.ps1" executed="True" result="Failure" success="False" time="1.076" asserts="0" description="C:\Users\joshl\OneDrive - Kritical Pty Ltd\Github\Krit.Pax8Mcp\tests\Unit\Token.Tests.ps1">
        <results>
          <test-suite type="TestFixture" name="Get-KritPax8TokenPath" executed="True" result="Success" success="True" time="0.0876" asserts="0" description="Get-KritPax8TokenPath">
            <results>
              <test-case description="joins SecretsDir + TokenFileName" name="Get-KritPax8TokenPath.joins SecretsDir + TokenFileName" time="0.009" asserts="0" success="True" result="Success" executed="True" />
              <test-case description="defaults TokenFileName to pax8-mcpServer-auth.txt" name="Get-KritPax8TokenPath.defaults TokenFileName to pax8-mcpServer-auth.txt" time="0.0054" asserts="0" success="True" result="Success" executed="True" />
            </results>
          </test-suite>
          <test-suite type="TestFixture" name="Read-KritPax8Token" executed="True" result="Success" success="True" time="0.2875" asserts="0" description="Read-KritPax8Token">
            <results>
              <test-case description="throws when file missing and -AllowMissing not set" name="Read-KritPax8Token.throws when file missing and -AllowMissing not set" time="0.0379" asserts="0" success="True" result="Success" executed="True" />
              <test-case description="returns $null when file missing and -AllowMissing set" name="Read-KritPax8Token.returns $null when file missing and -AllowMissing set" time="0.008" asserts="0" success="True" result="Success" executed="True" />
              <test-case description="throws when file empty" name="Read-KritPax8Token.throws when file empty" time="0.0105" asserts="0" success="True" result="Success" executed="True" />
              <test-case description="throws when token shorter than 16 chars" name="Read-KritPax8Token.throws when token shorter than 16 chars" time="0.0113" asserts="0" success="True" result="Success" executed="True" />
              <test-case description="returns trimmed token when valid" name="Read-KritPax8Token.returns trimmed token when valid" time="0.0111" asserts="0" success="True" result="Success" executed="True" />
            </results>
          </test-suite>
          <test-suite type="TestFixture" name="Test-KritPax8TokenSane" executed="True" result="Failure" success="False" time="0.4752" asserts="0" description="Test-KritPax8TokenSane">
            <results>
              <test-case description="rejects null + empty + whitespace" name="Test-KritPax8TokenSane.rejects null + empty + whitespace" time="0.0979" asserts="0" success="False" result="Failure" executed="True">
                <failure>
                  <message>ParameterBindingValidationException: Cannot bind argument to parameter 'Token' because it is an empty string.</message>
                  <stack-trace>at &lt;ScriptBlock&gt;, C:\Users\joshl\OneDrive - Kritical Pty Ltd\Github\Krit.Pax8Mcp\tests\Unit\Token.Tests.ps1:15
at &lt;ScriptBlock&gt;, C:\Users\joshl\OneDrive - Kritical Pty Ltd\Github\Krit.Pax8Mcp\tests\Unit\Token.Tests.ps1:15
at &lt;ScriptBlock&gt;, C:\Users\joshl\OneDrive - Kritical Pty Ltd\Github\Krit.Pax8Mcp\tests\Unit\Token.Tests.ps1:66</stack-trace>
                </failure>
              </test-case>
              <test-case description="rejects too short" name="Test-KritPax8TokenSane.rejects too short" time="0.0056" asserts="0" success="True" result="Success" executed="True" />
              <test-case description="rejects token containing whitespace" name="Test-KritPax8TokenSane.rejects token containing whitespace" time="0.0045" asserts="0" success="True" result="Success" executed="True" />
              <test-case description="accepts 36-char alphanumeric (Pax8 legacy shape)" name="Test-KritPax8TokenSane.accepts 36-char alphanumeric (Pax8 legacy shape)" time="0.0097" asserts="0" success="True" result="Success" executed="True" />
            </results>
          </test-suite>
        </results>
      </test-suite>
    </results>
  </test-suite>
</test-results>